#
# There is insufficient memory for the Java Runtime Environment to continue.
# Native memory allocation (malloc) failed to allocate 2288288 bytes for Chunk::new
# Possible reasons:
#   The system is out of physical RAM or swap space
#   The process is running with CompressedOops enabled, and the Java Heap may be blocking the growth of the native heap
# Possible solutions:
#   Reduce memory load on the system
#   Increase physical memory or swap space
#   Check if swap backing store is full
#   Decrease Java heap size (-Xmx/-Xms)
#   Decrease number of Java threads
#   Decrease Java thread stack sizes (-Xss)
#   Set larger code cache with -XX:ReservedCodeCacheSize=
#   JVM is running with Unscaled Compressed Oops mode in which the Java heap is
#     placed in the first 4GB address space. The Java Heap base address is the
#     maximum limit for the native heap growth. Please use -XX:HeapBaseMinAddress
#     to set the Java Heap base and to place the Java Heap above 4GB virtual address.
# This output file may be truncated or incomplete.
#
#  Out of Memory Error (allocation.cpp:389), pid=18264, tid=0x0000000000000e3c
#
# JRE version: OpenJDK Runtime Environment (8.0) (build 1.8.0-25-microsoft-b00)
# Java VM: OpenJDK 64-Bit Server VM (25.71-b00 mixed mode windows-amd64 compressed oops)
# Failed to write core dump. Minidumps are not enabled by default on client versions of Windows
#

---------------  T H R E A D  ---------------

Current thread (0x000000001577d800):  JavaThread "C2 CompilerThread0" daemon [_thread_in_native, id=3644, stack(0x0000000016de0000,0x0000000016ee0000)]

Stack: [0x0000000016de0000,0x0000000016ee0000]
[error occurred during error reporting (printing stack bounds), id 0xc0000005]

Native frames: (J=compiled Java code, j=interpreted, Vv=VM code, C=native code)


Current CompileTask:
C2:   4055 3447       4       com.android.tools.r8.t.a.a.f::a (4166 bytes)


---------------  P R O C E S S  ---------------

Java Threads: ( => current thread )
  0x0000000017a96800 JavaThread "ForkJoinPool-1-worker-0" daemon [_thread_in_Java, id=16192, stack(0x0000000018fb0000,0x00000000190b0000)]
  0x0000000017a94000 JavaThread "ForkJoinPool-1-worker-1" daemon [_thread_in_Java, id=17424, stack(0x0000000018eb0000,0x0000000018fb0000)]
  0x0000000017117800 JavaThread "Service Thread" daemon [_thread_blocked, id=13012, stack(0x00000000174e0000,0x00000000175e0000)]
  0x0000000015791800 JavaThread "C1 CompilerThread2" daemon [_thread_blocked, id=4836, stack(0x0000000016fe0000,0x00000000170e0000)]
  0x0000000015784800 JavaThread "C2 CompilerThread1" daemon [_thread_in_native, id=19612, stack(0x0000000016ee0000,0x0000000016fe0000)]
=>0x000000001577d800 JavaThread "C2 CompilerThread0" daemon [_thread_in_native, id=3644, stack(0x0000000016de0000,0x0000000016ee0000)]
  0x000000001577c800 JavaThread "Attach Listener" daemon [_thread_blocked, id=3504, stack(0x0000000016ce0000,0x0000000016de0000)]
  0x000000001575e000 JavaThread "Signal Dispatcher" daemon [_thread_blocked, id=13676, stack(0x0000000016be0000,0x0000000016ce0000)]
  0x000000001575a800 JavaThread "Finalizer" daemon [_thread_blocked, id=16580, stack(0x00000000169d0000,0x0000000016ad0000)]
  0x0000000015759000 JavaThread "Reference Handler" daemon [_thread_blocked, id=15648, stack(0x00000000168d0000,0x00000000169d0000)]
  0x0000000002f23800 JavaThread "main" [_thread_blocked, id=14508, stack(0x0000000002dc0000,0x0000000002ec0000)]

Other Threads:
  0x0000000015737800 VMThread [stack: 0x00000000167d0000,0x00000000168d0000] [id=17316]
  0x0000000017119800 WatcherThread [stack: 0x00000000175e0000,0x00000000176e0000] [id=17356]

VM state:not at safepoint (normal execution)

VM Mutex/Monitor currently owned by a thread: None

heap address: 0x00000000c0000000, size: 1024 MB, Compressed Oops mode: 32-bit
Narrow klass base: 0x0000000000000000, Narrow klass shift: 3
Compressed class space size: 1073741824 Address: 0x0000000100000000

Heap:
 PSYoungGen      total 204288K, used 23412K [0x00000000eab00000, 0x0000000100000000, 0x0000000100000000)
  eden space 196608K, 8% used [0x00000000eab00000,0x00000000eba5f020,0x00000000f6b00000)
  from space 7680K, 99% used [0x00000000f6b00000,0x00000000f727e060,0x00000000f7280000)
  to   space 31744K, 0% used [0x00000000fe100000,0x00000000fe100000,0x0000000100000000)
 ParOldGen       total 130048K, used 50407K [0x00000000c0000000, 0x00000000c7f00000, 0x00000000eab00000)
  object space 130048K, 38% used [0x00000000c0000000,0x00000000c3139df0,0x00000000c7f00000)
 Metaspace       used 14763K, capacity 15428K, committed 15488K, reserved 1062912K
  class space    used 1750K, capacity 1906K, committed 1920K, reserved 1048576K

Card table byte_map: [0x0000000012460000,0x0000000012670000] byte_map_base: 0x0000000011e60000

Marking Bits: (ParMarkBitMap*) 0x000000005c6d8f30
 Begin Bits: [0x0000000012bd0000, 0x0000000013bd0000)
 End Bits:   [0x0000000013bd0000, 0x0000000014bd0000)

Polling page: 0x00000000011d0000

CodeCache: size=245760Kb used=13585Kb max_used=13587Kb free=232174Kb
 bounds [0x00000000030a0000, 0x0000000003df0000, 0x00000000120a0000]
 total_blobs=4189 nmethods=3845 adapters=256
 compilation: enabled

Compilation events (10 events):
Event: 4.024 Thread 0x0000000015791800 3890       2       com.android.tools.r8.t.a.a.G.t::a (132 bytes)
Event: 4.025 Thread 0x0000000015791800 nmethod 3890 0x0000000003dea950 code [0x0000000003deab60, 0x0000000003deb398]
Event: 4.039 Thread 0x0000000015791800 3891       1       com.android.tools.r8.ir.code.ConstString::p (2 bytes)
Event: 4.039 Thread 0x0000000015791800 nmethod 3891 0x0000000003dea690 code [0x0000000003dea7e0, 0x0000000003dea8f0]
Event: 4.041 Thread 0x0000000015791800 3892       1       com.android.tools.r8.ir.code.o::a (2 bytes)
Event: 4.041 Thread 0x0000000015791800 nmethod 3892 0x0000000003de3cd0 code [0x0000000003de3e20, 0x0000000003de3f30]
Event: 4.042 Thread 0x0000000015791800 3893       2       com.android.tools.r8.graph.DexDebugEvent$AdvancePC::hashCode (10 bytes)
Event: 4.042 Thread 0x0000000015791800 nmethod 3893 0x0000000003de3990 code [0x0000000003de3ae0, 0x0000000003de3c30]
Event: 4.044 Thread 0x0000000015791800 3894       2       com.android.tools.r8.ir.code.IRCode::a (17 bytes)
Event: 4.045 Thread 0x0000000015791800 nmethod 3894 0x0000000003de3510 code [0x0000000003de3680, 0x0000000003de3888]

GC Heap History (10 events):
Event: 0.725 GC heap before
{Heap before GC invocations=1 (full 0):
 PSYoungGen      total 56832K, used 49152K [0x00000000eab00000, 0x00000000eea00000, 0x0000000100000000)
  eden space 49152K, 100% used [0x00000000eab00000,0x00000000edb00000,0x00000000edb00000)
  from space 7680K, 0% used [0x00000000ee280000,0x00000000ee280000,0x00000000eea00000)
  to   space 7680K, 0% used [0x00000000edb00000,0x00000000edb00000,0x00000000ee280000)
 ParOldGen       total 130048K, used 0K [0x00000000c0000000, 0x00000000c7f00000, 0x00000000eab00000)
  object space 130048K, 0% used [0x00000000c0000000,0x00000000c0000000,0x00000000c7f00000)
 Metaspace       used 7574K, capacity 7744K, committed 7936K, reserved 1056768K
  class space    used 847K, capacity 914K, committed 1024K, reserved 1048576K
Event: 0.734 GC heap after
Heap after GC invocations=1 (full 0):
 PSYoungGen      total 56832K, used 7657K [0x00000000eab00000, 0x00000000f1a00000, 0x0000000100000000)
  eden space 49152K, 0% used [0x00000000eab00000,0x00000000eab00000,0x00000000edb00000)
  from space 7680K, 99% used [0x00000000edb00000,0x00000000ee27a558,0x00000000ee280000)
  to   space 7680K, 0% used [0x00000000f1280000,0x00000000f1280000,0x00000000f1a00000)
 ParOldGen       total 130048K, used 3744K [0x00000000c0000000, 0x00000000c7f00000, 0x00000000eab00000)
  object space 130048K, 2% used [0x00000000c0000000,0x00000000c03a82f8,0x00000000c7f00000)
 Metaspace       used 7574K, capacity 7744K, committed 7936K, reserved 1056768K
  class space    used 847K, capacity 914K, committed 1024K, reserved 1048576K
}
Event: 1.013 GC heap before
{Heap before GC invocations=2 (full 0):
 PSYoungGen      total 56832K, used 56809K [0x00000000eab00000, 0x00000000f1a00000, 0x0000000100000000)
  eden space 49152K, 100% used [0x00000000eab00000,0x00000000edb00000,0x00000000edb00000)
  from space 7680K, 99% used [0x00000000edb00000,0x00000000ee27a558,0x00000000ee280000)
  to   space 7680K, 0% used [0x00000000f1280000,0x00000000f1280000,0x00000000f1a00000)
 ParOldGen       total 130048K, used 3744K [0x00000000c0000000, 0x00000000c7f00000, 0x00000000eab00000)
  object space 130048K, 2% used [0x00000000c0000000,0x00000000c03a82f8,0x00000000c7f00000)
 Metaspace       used 8525K, capacity 8830K, committed 9088K, reserved 1056768K
  class space    used 942K, capacity 1031K, committed 1152K, reserved 1048576K
Event: 1.029 GC heap after
Heap after GC invocations=2 (full 0):
 PSYoungGen      total 105984K, used 7653K [0x00000000eab00000, 0x00000000f1a00000, 0x0000000100000000)
  eden space 98304K, 0% used [0x00000000eab00000,0x00000000eab00000,0x00000000f0b00000)
  from space 7680K, 99% used [0x00000000f1280000,0x00000000f19f9438,0x00000000f1a00000)
  to   space 7680K, 0% used [0x00000000f0b00000,0x00000000f0b00000,0x00000000f1280000)
 ParOldGen       total 130048K, used 20261K [0x00000000c0000000, 0x00000000c7f00000, 0x00000000eab00000)
  object space 130048K, 15% used [0x00000000c0000000,0x00000000c13c96f0,0x00000000c7f00000)
 Metaspace       used 8525K, capacity 8830K, committed 9088K, reserved 1056768K
  class space    used 942K, capacity 1031K, committed 1152K, reserved 1048576K
}
Event: 1.459 GC heap before
{Heap before GC invocations=3 (full 0):
 PSYoungGen      total 105984K, used 105957K [0x00000000eab00000, 0x00000000f1a00000, 0x0000000100000000)
  eden space 98304K, 100% used [0x00000000eab00000,0x00000000f0b00000,0x00000000f0b00000)
  from space 7680K, 99% used [0x00000000f1280000,0x00000000f19f9438,0x00000000f1a00000)
  to   space 7680K, 0% used [0x00000000f0b00000,0x00000000f0b00000,0x00000000f1280000)
 ParOldGen       total 130048K, used 20261K [0x00000000c0000000, 0x00000000c7f00000, 0x00000000eab00000)
  object space 130048K, 15% used [0x00000000c0000000,0x00000000c13c96f0,0x00000000c7f00000)
 Metaspace       used 9915K, capacity 10268K, committed 10496K, reserved 1058816K
  class space    used 1145K, capacity 1278K, committed 1280K, reserved 1048576K
Event: 1.492 GC heap after
Heap after GC invocations=3 (full 0):
 PSYoungGen      total 105984K, used 7673K [0x00000000eab00000, 0x00000000f7a00000, 0x0000000100000000)
  eden space 98304K, 0% used [0x00000000eab00000,0x00000000eab00000,0x00000000f0b00000)
  from space 7680K, 99% used [0x00000000f0b00000,0x00000000f127e6c8,0x00000000f1280000)
  to   space 7680K, 0% used [0x00000000f7280000,0x00000000f7280000,0x00000000f7a00000)
 ParOldGen       total 130048K, used 39731K [0x00000000c0000000, 0x00000000c7f00000, 0x00000000eab00000)
  object space 130048K, 30% used [0x00000000c0000000,0x00000000c26ccf28,0x00000000c7f00000)
 Metaspace       used 9915K, capacity 10268K, committed 10496K, reserved 1058816K
  class space    used 1145K, capacity 1278K, committed 1280K, reserved 1048576K
}
Event: 2.900 GC heap before
{Heap before GC invocations=4 (full 0):
 PSYoungGen      total 105984K, used 105977K [0x00000000eab00000, 0x00000000f7a00000, 0x0000000100000000)
  eden space 98304K, 100% used [0x00000000eab00000,0x00000000f0b00000,0x00000000f0b00000)
  from space 7680K, 99% used [0x00000000f0b00000,0x00000000f127e6c8,0x00000000f1280000)
  to   space 7680K, 0% used [0x00000000f7280000,0x00000000f7280000,0x00000000f7a00000)
 ParOldGen       total 130048K, used 39731K [0x00000000c0000000, 0x00000000c7f00000, 0x00000000eab00000)
  object space 130048K, 30% used [0x00000000c0000000,0x00000000c26ccf28,0x00000000c7f00000)
 Metaspace       used 14380K, capacity 14978K, committed 15232K, reserved 1062912K
  class space    used 1725K, capacity 1895K, committed 1920K, reserved 1048576K
Event: 2.927 GC heap after
Heap after GC invocations=4 (full 0):
 PSYoungGen      total 204288K, used 7672K [0x00000000eab00000, 0x00000000f7a00000, 0x0000000100000000)
  eden space 196608K, 0% used [0x00000000eab00000,0x00000000eab00000,0x00000000f6b00000)
  from space 7680K, 99% used [0x00000000f7280000,0x00000000f79fe050,0x00000000f7a00000)
  to   space 7680K, 0% used [0x00000000f6b00000,0x00000000f6b00000,0x00000000f7280000)
 ParOldGen       total 130048K, used 44636K [0x00000000c0000000, 0x00000000c7f00000, 0x00000000eab00000)
  object space 130048K, 34% used [0x00000000c0000000,0x00000000c2b973f0,0x00000000c7f00000)
 Metaspace       used 14380K, capacity 14978K, committed 15232K, reserved 1062912K
  class space    used 1725K, capacity 1895K, committed 1920K, reserved 1048576K
}
Event: 3.972 GC heap before
{Heap before GC invocations=5 (full 0):
 PSYoungGen      total 204288K, used 204280K [0x00000000eab00000, 0x00000000f7a00000, 0x0000000100000000)
  eden space 196608K, 100% used [0x00000000eab00000,0x00000000f6b00000,0x00000000f6b00000)
  from space 7680K, 99% used [0x00000000f7280000,0x00000000f79fe050,0x00000000f7a00000)
  to   space 7680K, 0% used [0x00000000f6b00000,0x00000000f6b00000,0x00000000f7280000)
 ParOldGen       total 130048K, used 44636K [0x00000000c0000000, 0x00000000c7f00000, 0x00000000eab00000)
  object space 130048K, 34% used [0x00000000c0000000,0x00000000c2b973f0,0x00000000c7f00000)
 Metaspace       used 14760K, capacity 15428K, committed 15488K, reserved 1062912K
  class space    used 1750K, capacity 1906K, committed 1920K, reserved 1048576K
Event: 4.001 GC heap after
Heap after GC invocations=5 (full 0):
 PSYoungGen      total 204288K, used 7672K [0x00000000eab00000, 0x0000000100000000, 0x0000000100000000)
  eden space 196608K, 0% used [0x00000000eab00000,0x00000000eab00000,0x00000000f6b00000)
  from space 7680K, 99% used [0x00000000f6b00000,0x00000000f727e060,0x00000000f7280000)
  to   space 31744K, 0% used [0x00000000fe100000,0x00000000fe100000,0x0000000100000000)
 ParOldGen       total 130048K, used 50407K [0x00000000c0000000, 0x00000000c7f00000, 0x00000000eab00000)
  object space 130048K, 38% used [0x00000000c0000000,0x00000000c3139df0,0x00000000c7f00000)
 Metaspace       used 14760K, capacity 15428K, committed 15488K, reserved 1062912K
  class space    used 1750K, capacity 1906K, committed 1920K, reserved 1048576K
}

Deoptimization events (10 events):
Event: 3.242 Thread 0x0000000017a94000 Uncommon trap: reason=unstable_if action=reinterpret pc=0x00000000036fea88 method=com.android.tools.r8.graph.DexProto.b(Ljava/lang/Object;)Z @ 23
Event: 3.273 Thread 0x0000000017a94000 Uncommon trap: reason=unstable_if action=reinterpret pc=0x0000000003c48918 method=com.android.tools.r8.ir.conversion.U.a(Lcom/android/tools/r8/ir/conversion/T;)Z @ 211
Event: 3.290 Thread 0x0000000017a94000 Uncommon trap: reason=unstable_if action=reinterpret pc=0x0000000003c06c54 method=com.android.tools.r8.n.a.a.a.g.B0.a(ILjava/lang/Object;)Ljava/lang/Object; @ 95
Event: 3.362 Thread 0x0000000017a96800 Uncommon trap: reason=class_check action=maybe_recompile pc=0x00000000039fdb00 method=java.util.HashMap.removeNode(ILjava/lang/Object;Ljava/lang/Object;ZZ)Ljava/util/HashMap$Node; @ 283
Event: 3.362 Thread 0x0000000017a96800 Uncommon trap: reason=class_check action=maybe_recompile pc=0x00000000039fdb00 method=java.util.HashMap.removeNode(ILjava/lang/Object;Ljava/lang/Object;ZZ)Ljava/util/HashMap$Node; @ 283
Event: 3.615 Thread 0x0000000017a96800 Uncommon trap: reason=class_check action=maybe_recompile pc=0x0000000003cde760 method=com.android.tools.r8.ir.conversion.IRBuilder.a(Lcom/android/tools/r8/ir/code/Position;)V @ 124
Event: 3.621 Thread 0x0000000017a94000 Uncommon trap: reason=unstable_if action=reinterpret pc=0x000000000398d4a8 method=com.android.tools.r8.ir.regalloc.LinearScanRegisterAllocator.a(Lcom/android/tools/r8/ir/code/Instruction;Lcom/android/tools/r8/ir/regalloc/LinearScanRegisterAllocator$b;)Z @
Event: 3.652 Thread 0x0000000017a96800 Uncommon trap: reason=unstable_if action=reinterpret pc=0x0000000003cde6a8 method=com.android.tools.r8.ir.conversion.N.a(Lcom/android/tools/r8/t/a/a/G/a;Lcom/android/tools/r8/ir/conversion/IRBuilder;)V @ 780
Event: 3.714 Thread 0x0000000017a96800 Uncommon trap: reason=unstable_if action=reinterpret pc=0x0000000003d06088 method=com.android.tools.r8.ir.conversion.V.b(Lcom/android/tools/r8/t/a/a/B;)Z @ 11
Event: 3.902 Thread 0x0000000017a94000 Uncommon trap: reason=unstable_if action=reinterpret pc=0x00000000036e97f4 method=com.android.tools.r8.graph.y.a(ILjava/lang/String;Ljava/lang/String;Ljava/lang/String;[Ljava/lang/String;)Lcom/android/tools/r8/t/a/a/u; @ 37

Classes redefined (0 events):
No events

Internal exceptions (10 events):
Event: 0.621 Thread 0x0000000002f23800 Exception <a 'java/security/PrivilegedActionException'> (0x00000000ec530168) thrown at [D:\j\worksp~1\openjd~3\jdk8u\hotspot\src\share\vm\prims\jvm.cpp, line 1508]
Event: 0.621 Thread 0x0000000002f23800 Exception <a 'java/security/PrivilegedActionException'> (0x00000000ec5318a8) thrown at [D:\j\worksp~1\openjd~3\jdk8u\hotspot\src\share\vm\prims\jvm.cpp, line 1508]
Event: 0.621 Thread 0x0000000002f23800 Exception <a 'java/security/PrivilegedActionException'> (0x00000000ec531ab8) thrown at [D:\j\worksp~1\openjd~3\jdk8u\hotspot\src\share\vm\prims\jvm.cpp, line 1508]
Event: 0.645 Thread 0x0000000002f23800 Implicit null exception at 0x00000000033060bc to 0x0000000003306a71
Event: 0.668 Thread 0x0000000002f23800 Implicit null exception at 0x00000000032f98fc to 0x00000000032fa2b1
Event: 0.688 Thread 0x0000000002f23800 Implicit null exception at 0x00000000032e7de5 to 0x00000000032e8439
Event: 0.689 Thread 0x0000000002f23800 Implicit null exception at 0x00000000032e6038 to 0x00000000032e64fd
Event: 1.577 Thread 0x0000000017a96800 Exception <a 'java/lang/NoSuchMethodError': java.lang.Object.lambda$comparingInt$7b0bb60$1(Ljava/util/function/ToIntFunction;Ljava/lang/Object;Ljava/lang/Object;)I> (0x00000000eaefada0) thrown at [D:\j\worksp~1\openjd~3\jdk8u\hotspot\src\share\vm\interpre
Event: 1.580 Thread 0x0000000017a94000 Exception <a 'java/lang/NoSuchMethodError': java.lang.Object.lambda$maxBy$1(Ljava/util/Comparator;Ljava/lang/Object;Ljava/lang/Object;)Ljava/lang/Object;> (0x00000000eae2c330) thrown at [D:\j\worksp~1\openjd~3\jdk8u\hotspot\src\share\vm\interpreter\linkRe
Event: 1.658 Thread 0x0000000017a94000 Implicit null exception at 0x00000000034d97ac to 0x00000000034d99e9

Events (10 events):
Event: 3.714 Thread 0x0000000017a96800 Uncommon trap: trap_request=0xffffff65 fr.pc=0x0000000003d06088
Event: 3.714 Thread 0x0000000017a96800 DEOPT PACKING pc=0x0000000003d06088 sp=0x00000000190ae110
Event: 3.714 Thread 0x0000000017a96800 DEOPT UNPACKING pc=0x00000000030e557b sp=0x00000000190ae040 mode 2
Event: 3.902 Thread 0x0000000017a94000 Uncommon trap: trap_request=0xffffff65 fr.pc=0x00000000036e97f4
Event: 3.902 Thread 0x0000000017a94000 DEOPT PACKING pc=0x00000000036e97f4 sp=0x0000000018fadee0
Event: 3.902 Thread 0x0000000017a94000 DEOPT UNPACKING pc=0x00000000030e557b sp=0x0000000018fade80 mode 2
Event: 3.919 Thread 0x0000000017a94000 DEOPT PACKING pc=0x0000000003d3d549 sp=0x0000000018fae7c0
Event: 3.919 Thread 0x0000000017a94000 DEOPT UNPACKING pc=0x00000000030e75d0 sp=0x0000000018fae4f8 mode 0
Event: 3.971 Executing VM operation: ParallelGCFailedAllocation
Event: 4.001 Executing VM operation: ParallelGCFailedAllocation done


Dynamic libraries:
0x00007ff69e670000 - 0x00007ff69e6a5000 	C:\Program Files\Android\Jdk\microsoft_dist_openjdk_1.8.0.25\bin\java.exe
0x00007ffa62140000 - 0x00007ffa62330000 	C:\WINDOWS\SYSTEM32\ntdll.dll
0x00007ffa602f0000 - 0x00007ffa603a2000 	C:\WINDOWS\System32\KERNEL32.DLL
0x00007ffa5f220000 - 0x00007ffa5f4c3000 	C:\WINDOWS\System32\KERNELBASE.dll
0x00007ffa61120000 - 0x00007ffa611c3000 	C:\WINDOWS\System32\ADVAPI32.dll
0x00007ffa60250000 - 0x00007ffa602ee000 	C:\WINDOWS\System32\msvcrt.dll
0x00007ffa61240000 - 0x00007ffa612d7000 	C:\WINDOWS\System32\sechost.dll
0x00007ffa615c0000 - 0x00007ffa616e0000 	C:\WINDOWS\System32\RPCRT4.dll
0x00007ffa60540000 - 0x00007ffa606d4000 	C:\WINDOWS\System32\USER32.dll
0x00007ffa5f4d0000 - 0x00007ffa5f4f1000 	C:\WINDOWS\System32\win32u.dll
0x00007ffa60840000 - 0x00007ffa60866000 	C:\WINDOWS\System32\GDI32.dll
0x00007ffa5f650000 - 0x00007ffa5f7e4000 	C:\WINDOWS\System32\gdi32full.dll
0x00007ffa5f8a0000 - 0x00007ffa5f93e000 	C:\WINDOWS\System32\msvcp_win.dll
0x00007ffa600f0000 - 0x00007ffa601ea000 	C:\WINDOWS\System32\ucrtbase.dll
0x00007ffa4fc00000 - 0x00007ffa4fe85000 	C:\WINDOWS\WinSxS\amd64_microsoft.windows.common-controls_6595b64144ccf1df_6.0.18362.778_none_e6c6b761130d4fb8\COMCTL32.dll
0x00007ffa61dc0000 - 0x00007ffa620f6000 	C:\WINDOWS\System32\combase.dll
0x00007ffa5f5b0000 - 0x00007ffa5f630000 	C:\WINDOWS\System32\bcryptPrimitives.dll
0x00007ffa603b0000 - 0x00007ffa603de000 	C:\WINDOWS\System32\IMM32.DLL
0x000000005c760000 - 0x000000005c831000 	C:\Program Files\Android\Jdk\microsoft_dist_openjdk_1.8.0.25\jre\bin\msvcr100.dll
0x000000005bf10000 - 0x000000005c755000 	C:\Program Files\Android\Jdk\microsoft_dist_openjdk_1.8.0.25\jre\bin\server\jvm.dll
0x00007ffa61bb0000 - 0x00007ffa61bb8000 	C:\WINDOWS\System32\PSAPI.DLL
0x00007ffa55f90000 - 0x00007ffa55f9a000 	C:\WINDOWS\SYSTEM32\VERSION.dll
0x00007ffa5aaf0000 - 0x00007ffa5ab14000 	C:\WINDOWS\SYSTEM32\WINMM.dll
0x00007ffa46620000 - 0x00007ffa46629000 	C:\WINDOWS\SYSTEM32\WSOCK32.dll
0x00007ffa61550000 - 0x00007ffa615bf000 	C:\WINDOWS\System32\WS2_32.dll
0x00007ffa5aac0000 - 0x00007ffa5aaed000 	C:\WINDOWS\SYSTEM32\winmmbase.dll
0x00007ffa5f500000 - 0x00007ffa5f54a000 	C:\WINDOWS\System32\cfgmgr32.dll
0x00007ffa5b9f0000 - 0x00007ffa5b9ff000 	C:\Program Files\Android\Jdk\microsoft_dist_openjdk_1.8.0.25\jre\bin\verify.dll
0x00007ffa5b9c0000 - 0x00007ffa5b9e9000 	C:\Program Files\Android\Jdk\microsoft_dist_openjdk_1.8.0.25\jre\bin\java.dll
0x00007ffa59ea0000 - 0x00007ffa59eb6000 	C:\Program Files\Android\Jdk\microsoft_dist_openjdk_1.8.0.25\jre\bin\zip.dll
0x00007ffa60870000 - 0x00007ffa60f55000 	C:\WINDOWS\System32\SHELL32.dll
0x00007ffa60490000 - 0x00007ffa60539000 	C:\WINDOWS\System32\shcore.dll
0x00007ffa5f970000 - 0x00007ffa600f0000 	C:\WINDOWS\System32\windows.storage.dll
0x00007ffa5f0a0000 - 0x00007ffa5f0c3000 	C:\WINDOWS\System32\profapi.dll
0x00007ffa5f030000 - 0x00007ffa5f07a000 	C:\WINDOWS\System32\powrprof.dll
0x00007ffa5f000000 - 0x00007ffa5f010000 	C:\WINDOWS\System32\UMPDC.dll
0x00007ffa616e0000 - 0x00007ffa61732000 	C:\WINDOWS\System32\shlwapi.dll
0x00007ffa5f010000 - 0x00007ffa5f021000 	C:\WINDOWS\System32\kernel.appcore.dll
0x00007ffa5f630000 - 0x00007ffa5f647000 	C:\WINDOWS\System32\cryptsp.dll
0x00007ffa59e80000 - 0x00007ffa59e9a000 	C:\Program Files\Android\jdk\microsoft_dist_openjdk_1.8.0.25\jre\bin\net.dll
0x00007ffa5e870000 - 0x00007ffa5e8d7000 	C:\WINDOWS\system32\mswsock.dll
0x00007ffa59e60000 - 0x00007ffa59e71000 	C:\Program Files\Android\jdk\microsoft_dist_openjdk_1.8.0.25\jre\bin\nio.dll

VM Arguments:
jvm_args: -Xmx1G 
java_command: com.android.tools.r8.D8 --debug --min-api 21 --output obj\Debug\90\android\bin --lib C:\Program Files (x86)\Android\android-sdk\platforms\android-28\android.jar obj\Debug\90\android\bin\classes.zip D:\inviroment_for_programming\Microsoft Visual Studio\Common7\IDE\ReferenceAssemblies\Microsoft\Framework\MonoAndroid\v9.0\mono.android.jar D:\inviroment_for_programming\Microsoft Visual Studio\MSBuild\Xamarin\Android\java_runtime_fastdev.jar obj\Debug\90\lp\0\jl\formsviewgroup.jar obj\Debug\90\lp\10\jl\bin\classes.jar obj\Debug\90\lp\11\jl\bin\classes.jar obj\Debug\90\lp\12\jl\com.android.support.support-annotations.jar obj\Debug\90\lp\13\jl\bin\classes.jar obj\Debug\90\lp\14\jl\com.android.support.collections.jar obj\Debug\90\lp\15\jl\bin\classes.jar obj\Debug\90\lp\16\jl\bin\classes.jar obj\Debug\90\lp\17\jl\bin\classes.jar obj\Debug\90\lp\18\jl\bin\classes.jar obj\Debug\90\lp\19\jl\bin\classes.jar obj\Debug\90\lp\20\jl\bin\classes.jar obj\Debug\90\lp\21\jl\bin\classes.jar obj\Debug\90\lp\22\jl\bin\classes.jar obj\Debug\90\lp\23\jl\bin\classes.jar obj\Debug\90\lp\24\jl\bin\classes.jar obj\Debug\90\lp\25\jl\bin\classes.jar obj\Debug\90\lp\26\jl\bin\classes.jar obj\Debug\90\lp\27\jl\bin\classes.jar obj\Debug\90\lp\28\jl\bin\classes.jar obj\Debug\90\lp\29\jl\bin\classes.jar obj\Debug\90\lp\3\jl\bin\classes.jar obj\Debug\90\lp\30\jl\bin\classes.jar obj\Debug\90\lp\31\jl\bin\classes.jar obj\Debug\90\lp\32\jl\bin\classes.jar obj\Debug\90\lp\33\jl\bin\classes.jar obj\Debug\90\lp\35\jl\bin\classes.jar obj\Debug\90\lp\36\jl\bin\classes.jar obj\Debug\90\lp\37\jl\bin\classes.jar obj\Debug\90\lp\38\jl\bin\classes.jar obj\Debug\90\lp\39\jl\bin\classes.jar obj\Debug\90\lp\4\jl\android.arch.core.common.jar obj\Debug\90\lp\40\jl\bin\classes.jar obj\Debug\90\lp\5\jl\bin\classes.jar obj\Debug\90\lp\6\jl\android.arch.lifecycle.common.jar obj\Debug\90\lp\7\jl\bin\classes.jar obj\Debug\90\lp\8\jl\bin\classes.jar obj\Debug\90\lp\9\jl\bin\classes.jar
java_class_path (initial): D:\inviroment_for_programming\Microsoft Visual Studio\MSBuild\Xamarin\Android\r8.jar
Launcher Type: SUN_STANDARD

Environment Variables:
JAVA_HOME=C:\Program Files\Android\Jdk\microsoft_dist_openjdk_1.8.0.25
USERNAME=Адиль
OS=Windows_NT
PROCESSOR_IDENTIFIER=Intel64 Family 6 Model 142 Stepping 9, GenuineIntel



---------------  S Y S T E M  ---------------

OS: Windows 10.0 , 64 bit Build 18362 (10.0.18362.778)

CPU:total 4 (initial active 4) (2 cores per cpu, 2 threads per core) family 6 model 142 stepping 9, cmov, cx8, fxsr, mmx, sse, sse2, sse3, ssse3, sse4.1, sse4.2, popcnt, avx, avx2, aes, clmul, erms, 3dnowpref, lzcnt, ht, tsc, tscinvbit, bmi1, bmi2, adx

Memory: 4k page, physical 12447876k(3959780k free), swap 14545028k(5600k free)

vm_info: OpenJDK 64-Bit Server VM (25.71-b00) for windows-amd64 JRE (1.8.0-25-microsoft-b00), built on Feb  7 2019 20:09:14 by "builder" with MS VC++ 10.0 (VS2010)

time: Sun Apr 19 00:53:19 2020
timezone: RTZ 2 (зима)
elapsed time: 4 seconds (0d 0h 0m 4s)

